INFO:root:/home6/dthomas/FA_ABM/sweeps/results/thinonce/thinonce50/thinonce50
INFO:root:usersets Namespace(decompdisp=None, deforest_args=[0.5], deforest_steps=[51], deforest_type='thin', endodisp=None, endoloss=None, endophytism=True, fileout='/home6/dthomas/FA_ABM/sweeps/results/thinonce/thinonce50/thinonce50', kappa=None, leafdisp=None, leaffall=None, mu=None, newwood=None, numdecomp=None, numendo=None, sigma=None, sims=10, steps=100, width=None, woodfreq=None, ws=None)
INFO:root:start 00:42:00.431232
INFO:root:run 0 step 0
INFO:root:num of trees 619
INFO:root:run 0 step 1
INFO:root:num of trees 619
INFO:root:run 0 step 2
INFO:root:num of trees 619
INFO:root:run 0 step 3
INFO:root:num of trees 619
INFO:root:run 0 step 4
INFO:root:num of trees 619
INFO:root:run 0 step 5
INFO:root:num of trees 619
INFO:root:run 0 step 6
INFO:root:num of trees 619
INFO:root:run 0 step 7
INFO:root:num of trees 619
INFO:root:run 0 step 8
INFO:root:num of trees 619
INFO:root:run 0 step 9
INFO:root:num of trees 619
INFO:root:run 0 step 10
INFO:root:num of trees 619
INFO:root:run 0 step 11
INFO:root:num of trees 619
INFO:root:run 0 step 12
INFO:root:num of trees 619
INFO:root:run 0 step 13
INFO:root:num of trees 619
INFO:root:run 0 step 14
INFO:root:num of trees 619
INFO:root:run 0 step 15
INFO:root:num of trees 619
INFO:root:run 0 step 16
INFO:root:num of trees 619
INFO:root:run 0 step 17
INFO:root:num of trees 619
INFO:root:run 0 step 18
INFO:root:num of trees 619
INFO:root:run 0 step 19
INFO:root:num of trees 619
INFO:root:run 0 step 20
INFO:root:num of trees 619
INFO:root:run 0 step 21
INFO:root:num of trees 619
INFO:root:run 0 step 22
INFO:root:num of trees 619
INFO:root:run 0 step 23
INFO:root:num of trees 619
INFO:root:run 0 step 24
INFO:root:num of trees 619
INFO:root:run 0 step 25
INFO:root:num of trees 619
INFO:root:run 0 step 26
INFO:root:num of trees 619
INFO:root:run 0 step 27
INFO:root:num of trees 619
INFO:root:run 0 step 28
INFO:root:num of trees 619
INFO:root:run 0 step 29
INFO:root:num of trees 619
INFO:root:run 0 step 30
INFO:root:num of trees 619
INFO:root:run 0 step 31
INFO:root:num of trees 619
INFO:root:run 0 step 32
INFO:root:num of trees 619
INFO:root:run 0 step 33
INFO:root:num of trees 619
INFO:root:run 0 step 34
INFO:root:num of trees 619
INFO:root:run 0 step 35
INFO:root:num of trees 619
INFO:root:run 0 step 36
INFO:root:num of trees 619
INFO:root:run 0 step 37
INFO:root:num of trees 619
INFO:root:run 0 step 38
INFO:root:num of trees 619
INFO:root:run 0 step 39
INFO:root:num of trees 619
INFO:root:run 0 step 40
INFO:root:num of trees 619
INFO:root:run 0 step 41
INFO:root:num of trees 619
INFO:root:run 0 step 42
INFO:root:num of trees 619
INFO:root:run 0 step 43
INFO:root:num of trees 619
INFO:root:run 0 step 44
INFO:root:num of trees 619
INFO:root:run 0 step 45
INFO:root:num of trees 619
INFO:root:run 0 step 46
INFO:root:num of trees 619
INFO:root:run 0 step 47
INFO:root:num of trees 619
INFO:root:run 0 step 48
INFO:root:num of trees 619
INFO:root:run 0 step 49
INFO:root:num of trees 619
INFO:root:run 0 step 50
INFO:root:num of trees 619
INFO:root:run 0 step 51
INFO:root:num of trees 310
INFO:root:run 0 step 52
INFO:root:num of trees 310
INFO:root:run 0 step 53
INFO:root:num of trees 310
INFO:root:run 0 step 54
INFO:root:num of trees 310
INFO:root:run 0 step 55
INFO:root:num of trees 310
INFO:root:run 0 step 56
INFO:root:num of trees 310
INFO:root:run 0 step 57
INFO:root:num of trees 310
INFO:root:run 0 step 58
INFO:root:num of trees 310
INFO:root:run 0 step 59
INFO:root:num of trees 310
INFO:root:run 0 step 60
INFO:root:num of trees 310
INFO:root:run 0 step 61
INFO:root:num of trees 310
INFO:root:run 0 step 62
INFO:root:num of trees 310
INFO:root:run 0 step 63
INFO:root:num of trees 310
INFO:root:run 0 step 64
INFO:root:num of trees 310
INFO:root:run 0 step 65
INFO:root:num of trees 310
INFO:root:run 0 step 66
INFO:root:num of trees 310
INFO:root:run 0 step 67
INFO:root:num of trees 310
INFO:root:run 0 step 68
INFO:root:num of trees 310
INFO:root:run 0 step 69
INFO:root:num of trees 310
INFO:root:run 0 step 70
INFO:root:num of trees 310
INFO:root:run 0 step 71
INFO:root:num of trees 310
INFO:root:run 0 step 72
INFO:root:num of trees 310
INFO:root:run 0 step 73
INFO:root:num of trees 310
INFO:root:run 0 step 74
INFO:root:num of trees 310
INFO:root:run 0 step 75
INFO:root:num of trees 310
INFO:root:run 0 step 76
INFO:root:num of trees 310
INFO:root:run 0 step 77
INFO:root:num of trees 310
INFO:root:run 0 step 78
INFO:root:num of trees 310
INFO:root:run 0 step 79
INFO:root:num of trees 310
INFO:root:run 0 step 80
INFO:root:num of trees 310
INFO:root:run 0 step 81
INFO:root:num of trees 310
INFO:root:run 0 step 82
INFO:root:num of trees 310
INFO:root:run 0 step 83
INFO:root:num of trees 310
INFO:root:run 0 step 84
INFO:root:num of trees 310
INFO:root:run 0 step 85
INFO:root:num of trees 310
INFO:root:run 0 step 86
INFO:root:num of trees 310
INFO:root:run 0 step 87
INFO:root:num of trees 310
INFO:root:run 0 step 88
INFO:root:num of trees 310
INFO:root:run 0 step 89
INFO:root:num of trees 310
INFO:root:run 0 step 90
INFO:root:num of trees 310
INFO:root:run 0 step 91
INFO:root:num of trees 310
INFO:root:run 0 step 92
INFO:root:num of trees 310
INFO:root:run 0 step 93
INFO:root:num of trees 310
INFO:root:run 0 step 94
INFO:root:num of trees 310
INFO:root:run 0 step 95
INFO:root:num of trees 310
INFO:root:run 0 step 96
INFO:root:num of trees 310
INFO:root:run 0 step 97
INFO:root:num of trees 310
INFO:root:run 0 step 98
INFO:root:num of trees 310
INFO:root:run 0 step 99
INFO:root:num of trees 310
INFO:root:run 1 step 0
INFO:root:num of trees 695
INFO:root:run 1 step 1
INFO:root:num of trees 695
INFO:root:run 1 step 2
INFO:root:num of trees 695
INFO:root:run 1 step 3
INFO:root:num of trees 695
INFO:root:run 1 step 4
INFO:root:num of trees 695
INFO:root:run 1 step 5
INFO:root:num of trees 695
INFO:root:run 1 step 6
INFO:root:num of trees 695
INFO:root:run 1 step 7
INFO:root:num of trees 695
INFO:root:run 1 step 8
INFO:root:num of trees 695
INFO:root:run 1 step 9
INFO:root:num of trees 695
INFO:root:run 1 step 10
INFO:root:num of trees 695
INFO:root:run 1 step 11
INFO:root:num of trees 695
INFO:root:run 1 step 12
INFO:root:num of trees 695
INFO:root:run 1 step 13
INFO:root:num of trees 695
INFO:root:run 1 step 14
INFO:root:num of trees 695
INFO:root:run 1 step 15
INFO:root:num of trees 695
INFO:root:run 1 step 16
INFO:root:num of trees 695
INFO:root:run 1 step 17
INFO:root:num of trees 695
INFO:root:run 1 step 18
INFO:root:num of trees 695
INFO:root:run 1 step 19
INFO:root:num of trees 695
INFO:root:run 1 step 20
INFO:root:num of trees 695
INFO:root:run 1 step 21
INFO:root:num of trees 695
INFO:root:run 1 step 22
INFO:root:num of trees 695
INFO:root:run 1 step 23
INFO:root:num of trees 695
INFO:root:run 1 step 24
INFO:root:num of trees 695
INFO:root:run 1 step 25
INFO:root:num of trees 695
INFO:root:run 1 step 26
INFO:root:num of trees 695
INFO:root:run 1 step 27
INFO:root:num of trees 695
INFO:root:run 1 step 28
INFO:root:num of trees 695
INFO:root:run 1 step 29
INFO:root:num of trees 695
INFO:root:run 1 step 30
INFO:root:num of trees 695
INFO:root:run 1 step 31
INFO:root:num of trees 695
INFO:root:run 1 step 32
INFO:root:num of trees 695
INFO:root:run 1 step 33
INFO:root:num of trees 695
INFO:root:run 1 step 34
INFO:root:num of trees 695
INFO:root:run 1 step 35
INFO:root:num of trees 695
INFO:root:run 1 step 36
INFO:root:num of trees 695
INFO:root:run 1 step 37
INFO:root:num of trees 695
INFO:root:run 1 step 38
INFO:root:num of trees 695
INFO:root:run 1 step 39
INFO:root:num of trees 695
INFO:root:run 1 step 40
INFO:root:num of trees 695
INFO:root:run 1 step 41
INFO:root:num of trees 695
INFO:root:run 1 step 42
INFO:root:num of trees 695
INFO:root:run 1 step 43
INFO:root:num of trees 695
INFO:root:run 1 step 44
INFO:root:num of trees 695
INFO:root:run 1 step 45
INFO:root:num of trees 695
INFO:root:run 1 step 46
INFO:root:num of trees 695
INFO:root:run 1 step 47
INFO:root:num of trees 695
INFO:root:run 1 step 48
INFO:root:num of trees 695
INFO:root:run 1 step 49
INFO:root:num of trees 695
INFO:root:run 1 step 50
INFO:root:num of trees 695
INFO:root:run 1 step 51
INFO:root:num of trees 348
INFO:root:run 1 step 52
INFO:root:num of trees 348
INFO:root:run 1 step 53
INFO:root:num of trees 348
INFO:root:run 1 step 54
INFO:root:num of trees 348
INFO:root:run 1 step 55
INFO:root:num of trees 348
INFO:root:run 1 step 56
INFO:root:num of trees 348
INFO:root:run 1 step 57
INFO:root:num of trees 348
INFO:root:run 1 step 58
INFO:root:num of trees 348
INFO:root:run 1 step 59
INFO:root:num of trees 348
INFO:root:run 1 step 60
INFO:root:num of trees 348
INFO:root:run 1 step 61
INFO:root:num of trees 348
INFO:root:run 1 step 62
INFO:root:num of trees 348
INFO:root:run 1 step 63
INFO:root:num of trees 348
INFO:root:run 1 step 64
INFO:root:num of trees 348
INFO:root:run 1 step 65
INFO:root:num of trees 348
INFO:root:run 1 step 66
INFO:root:num of trees 348
INFO:root:run 1 step 67
INFO:root:num of trees 348
INFO:root:run 1 step 68
INFO:root:num of trees 348
INFO:root:run 1 step 69
INFO:root:num of trees 348
INFO:root:run 1 step 70
INFO:root:num of trees 348
INFO:root:run 1 step 71
INFO:root:num of trees 348
INFO:root:run 1 step 72
INFO:root:num of trees 348
INFO:root:run 1 step 73
INFO:root:num of trees 348
INFO:root:run 1 step 74
INFO:root:num of trees 348
INFO:root:run 1 step 75
INFO:root:num of trees 348
INFO:root:run 1 step 76
INFO:root:num of trees 348
INFO:root:run 1 step 77
INFO:root:num of trees 348
INFO:root:run 1 step 78
INFO:root:num of trees 348
INFO:root:run 1 step 79
INFO:root:num of trees 348
INFO:root:run 1 step 80
INFO:root:num of trees 348
INFO:root:run 1 step 81
INFO:root:num of trees 348
INFO:root:run 1 step 82
INFO:root:num of trees 348
INFO:root:run 1 step 83
INFO:root:num of trees 348
INFO:root:run 1 step 84
INFO:root:num of trees 348
INFO:root:run 1 step 85
INFO:root:num of trees 348
INFO:root:run 1 step 86
INFO:root:num of trees 348
INFO:root:run 1 step 87
INFO:root:num of trees 348
INFO:root:run 1 step 88
INFO:root:num of trees 348
INFO:root:run 1 step 89
INFO:root:num of trees 348
INFO:root:run 1 step 90
INFO:root:num of trees 348
INFO:root:run 1 step 91
INFO:root:num of trees 348
INFO:root:run 1 step 92
INFO:root:num of trees 348
INFO:root:run 1 step 93
INFO:root:num of trees 348
INFO:root:run 1 step 94
INFO:root:num of trees 348
INFO:root:run 1 step 95
INFO:root:num of trees 348
INFO:root:run 1 step 96
INFO:root:num of trees 348
INFO:root:run 1 step 97
INFO:root:num of trees 348
INFO:root:run 1 step 98
INFO:root:num of trees 348
INFO:root:run 1 step 99
INFO:root:num of trees 348
INFO:root:run 2 step 0
INFO:root:num of trees 609
INFO:root:run 2 step 1
INFO:root:num of trees 609
INFO:root:run 2 step 2
INFO:root:num of trees 609
INFO:root:run 2 step 3
INFO:root:num of trees 609
INFO:root:run 2 step 4
INFO:root:num of trees 609
INFO:root:run 2 step 5
INFO:root:num of trees 609
INFO:root:run 2 step 6
INFO:root:num of trees 609
INFO:root:run 2 step 7
INFO:root:num of trees 609
INFO:root:run 2 step 8
INFO:root:num of trees 609
INFO:root:run 2 step 9
INFO:root:num of trees 609
INFO:root:run 2 step 10
INFO:root:num of trees 609
INFO:root:run 2 step 11
INFO:root:num of trees 609
INFO:root:run 2 step 12
INFO:root:num of trees 609
INFO:root:run 2 step 13
INFO:root:num of trees 609
INFO:root:run 2 step 14
INFO:root:num of trees 609
INFO:root:run 2 step 15
INFO:root:num of trees 609
INFO:root:run 2 step 16
INFO:root:num of trees 609
INFO:root:run 2 step 17
INFO:root:num of trees 609
INFO:root:run 2 step 18
INFO:root:num of trees 609
INFO:root:run 2 step 19
INFO:root:num of trees 609
INFO:root:run 2 step 20
INFO:root:num of trees 609
INFO:root:run 2 step 21
INFO:root:num of trees 609
INFO:root:run 2 step 22
INFO:root:num of trees 609
INFO:root:run 2 step 23
INFO:root:num of trees 609
INFO:root:run 2 step 24
INFO:root:num of trees 609
INFO:root:run 2 step 25
INFO:root:num of trees 609
INFO:root:run 2 step 26
INFO:root:num of trees 609
INFO:root:run 2 step 27
INFO:root:num of trees 609
INFO:root:run 2 step 28
INFO:root:num of trees 609
INFO:root:run 2 step 29
INFO:root:num of trees 609
INFO:root:run 2 step 30
INFO:root:num of trees 609
INFO:root:run 2 step 31
INFO:root:num of trees 609
INFO:root:run 2 step 32
INFO:root:num of trees 609
INFO:root:run 2 step 33
INFO:root:num of trees 609
INFO:root:run 2 step 34
INFO:root:num of trees 609
INFO:root:run 2 step 35
INFO:root:num of trees 609
INFO:root:run 2 step 36
INFO:root:num of trees 609
INFO:root:run 2 step 37
INFO:root:num of trees 609
INFO:root:run 2 step 38
INFO:root:num of trees 609
INFO:root:run 2 step 39
INFO:root:num of trees 609
INFO:root:run 2 step 40
INFO:root:num of trees 609
INFO:root:run 2 step 41
INFO:root:num of trees 609
INFO:root:run 2 step 42
INFO:root:num of trees 609
INFO:root:run 2 step 43
INFO:root:num of trees 609
INFO:root:run 2 step 44
INFO:root:num of trees 609
INFO:root:run 2 step 45
INFO:root:num of trees 609
INFO:root:run 2 step 46
INFO:root:num of trees 609
INFO:root:run 2 step 47
INFO:root:num of trees 609
INFO:root:run 2 step 48
INFO:root:num of trees 609
INFO:root:run 2 step 49
INFO:root:num of trees 609
INFO:root:run 2 step 50
INFO:root:num of trees 609
INFO:root:run 2 step 51
INFO:root:num of trees 305
INFO:root:run 2 step 52
INFO:root:num of trees 305
INFO:root:run 2 step 53
INFO:root:num of trees 305
INFO:root:run 2 step 54
INFO:root:num of trees 305
INFO:root:run 2 step 55
INFO:root:num of trees 305
INFO:root:run 2 step 56
INFO:root:num of trees 305
INFO:root:run 2 step 57
INFO:root:num of trees 305
INFO:root:run 2 step 58
INFO:root:num of trees 305
INFO:root:run 2 step 59
INFO:root:num of trees 305
INFO:root:run 2 step 60
INFO:root:num of trees 305
INFO:root:run 2 step 61
INFO:root:num of trees 305
INFO:root:run 2 step 62
INFO:root:num of trees 305
INFO:root:run 2 step 63
INFO:root:num of trees 305
INFO:root:run 2 step 64
INFO:root:num of trees 305
INFO:root:run 2 step 65
INFO:root:num of trees 305
INFO:root:run 2 step 66
INFO:root:num of trees 305
INFO:root:run 2 step 67
INFO:root:num of trees 305
INFO:root:run 2 step 68
INFO:root:num of trees 305
INFO:root:run 2 step 69
INFO:root:num of trees 305
INFO:root:run 2 step 70
INFO:root:num of trees 305
INFO:root:run 2 step 71
INFO:root:num of trees 305
INFO:root:run 2 step 72
INFO:root:num of trees 305
INFO:root:run 2 step 73
INFO:root:num of trees 305
INFO:root:run 2 step 74
INFO:root:num of trees 305
INFO:root:run 2 step 75
INFO:root:num of trees 305
INFO:root:run 2 step 76
INFO:root:num of trees 305
INFO:root:run 2 step 77
INFO:root:num of trees 305
INFO:root:run 2 step 78
INFO:root:num of trees 305
INFO:root:run 2 step 79
INFO:root:num of trees 305
INFO:root:run 2 step 80
INFO:root:num of trees 305
INFO:root:run 2 step 81
INFO:root:num of trees 305
INFO:root:run 2 step 82
INFO:root:num of trees 305
INFO:root:run 2 step 83
INFO:root:num of trees 305
INFO:root:run 2 step 84
INFO:root:num of trees 305
INFO:root:run 2 step 85
INFO:root:num of trees 305
INFO:root:run 2 step 86
INFO:root:num of trees 305
INFO:root:run 2 step 87
INFO:root:num of trees 305
INFO:root:run 2 step 88
INFO:root:num of trees 305
INFO:root:run 2 step 89
INFO:root:num of trees 305
INFO:root:run 2 step 90
INFO:root:num of trees 305
INFO:root:run 2 step 91
INFO:root:num of trees 305
INFO:root:run 2 step 92
INFO:root:num of trees 305
INFO:root:run 2 step 93
INFO:root:num of trees 305
INFO:root:run 2 step 94
INFO:root:num of trees 305
INFO:root:run 2 step 95
INFO:root:num of trees 305
INFO:root:run 2 step 96
INFO:root:num of trees 305
INFO:root:run 2 step 97
INFO:root:num of trees 305
INFO:root:run 2 step 98
INFO:root:num of trees 305
INFO:root:run 2 step 99
INFO:root:num of trees 305
INFO:root:run 3 step 0
INFO:root:num of trees 588
INFO:root:run 3 step 1
INFO:root:num of trees 588
INFO:root:run 3 step 2
INFO:root:num of trees 588
INFO:root:run 3 step 3
INFO:root:num of trees 588
INFO:root:run 3 step 4
INFO:root:num of trees 588
INFO:root:run 3 step 5
INFO:root:num of trees 588
INFO:root:run 3 step 6
INFO:root:num of trees 588
INFO:root:run 3 step 7
INFO:root:num of trees 588
INFO:root:run 3 step 8
INFO:root:num of trees 588
INFO:root:run 3 step 9
INFO:root:num of trees 588
INFO:root:run 3 step 10
INFO:root:num of trees 588
INFO:root:run 3 step 11
INFO:root:num of trees 588
INFO:root:run 3 step 12
INFO:root:num of trees 588
INFO:root:run 3 step 13
INFO:root:num of trees 588
INFO:root:run 3 step 14
INFO:root:num of trees 588
INFO:root:run 3 step 15
INFO:root:num of trees 588
INFO:root:run 3 step 16
INFO:root:num of trees 588
INFO:root:run 3 step 17
INFO:root:num of trees 588
INFO:root:run 3 step 18
INFO:root:num of trees 588
INFO:root:run 3 step 19
INFO:root:num of trees 588
INFO:root:run 3 step 20
INFO:root:num of trees 588
INFO:root:run 3 step 21
INFO:root:num of trees 588
INFO:root:run 3 step 22
INFO:root:num of trees 588
INFO:root:run 3 step 23
INFO:root:num of trees 588
INFO:root:run 3 step 24
INFO:root:num of trees 588
INFO:root:run 3 step 25
INFO:root:num of trees 588
INFO:root:run 3 step 26
INFO:root:num of trees 588
INFO:root:run 3 step 27
INFO:root:num of trees 588
INFO:root:run 3 step 28
INFO:root:num of trees 588
INFO:root:run 3 step 29
INFO:root:num of trees 588
INFO:root:run 3 step 30
INFO:root:num of trees 588
INFO:root:run 3 step 31
INFO:root:num of trees 588
INFO:root:run 3 step 32
INFO:root:num of trees 588
INFO:root:run 3 step 33
INFO:root:num of trees 588
INFO:root:run 3 step 34
INFO:root:num of trees 588
INFO:root:run 3 step 35
INFO:root:num of trees 588
INFO:root:run 3 step 36
INFO:root:num of trees 588
INFO:root:run 3 step 37
INFO:root:num of trees 588
INFO:root:run 3 step 38
INFO:root:num of trees 588
INFO:root:run 3 step 39
INFO:root:num of trees 588
INFO:root:run 3 step 40
INFO:root:num of trees 588
INFO:root:run 3 step 41
INFO:root:num of trees 588
INFO:root:run 3 step 42
INFO:root:num of trees 588
INFO:root:run 3 step 43
INFO:root:num of trees 588
INFO:root:run 3 step 44
INFO:root:num of trees 588
INFO:root:run 3 step 45
INFO:root:num of trees 588
INFO:root:run 3 step 46
INFO:root:num of trees 588
INFO:root:run 3 step 47
INFO:root:num of trees 588
INFO:root:run 3 step 48
INFO:root:num of trees 588
INFO:root:run 3 step 49
INFO:root:num of trees 588
INFO:root:run 3 step 50
INFO:root:num of trees 588
INFO:root:run 3 step 51
INFO:root:num of trees 294
INFO:root:run 3 step 52
INFO:root:num of trees 294
INFO:root:run 3 step 53
INFO:root:num of trees 294
INFO:root:run 3 step 54
INFO:root:num of trees 294
INFO:root:run 3 step 55
INFO:root:num of trees 294
INFO:root:run 3 step 56
INFO:root:num of trees 294
INFO:root:run 3 step 57
INFO:root:num of trees 294
INFO:root:run 3 step 58
INFO:root:num of trees 294
INFO:root:run 3 step 59
INFO:root:num of trees 294
INFO:root:run 3 step 60
INFO:root:num of trees 294
INFO:root:run 3 step 61
INFO:root:num of trees 294
INFO:root:run 3 step 62
INFO:root:num of trees 294
INFO:root:run 3 step 63
INFO:root:num of trees 294
INFO:root:run 3 step 64
INFO:root:num of trees 294
INFO:root:run 3 step 65
INFO:root:num of trees 294
INFO:root:run 3 step 66
INFO:root:num of trees 294
INFO:root:run 3 step 67
INFO:root:num of trees 294
INFO:root:run 3 step 68
INFO:root:num of trees 294
INFO:root:run 3 step 69
INFO:root:num of trees 294
INFO:root:run 3 step 70
INFO:root:num of trees 294
INFO:root:run 3 step 71
INFO:root:num of trees 294
INFO:root:run 3 step 72
INFO:root:num of trees 294
INFO:root:run 3 step 73
INFO:root:num of trees 294
INFO:root:run 3 step 74
INFO:root:num of trees 294
INFO:root:run 3 step 75
INFO:root:num of trees 294
INFO:root:run 3 step 76
INFO:root:num of trees 294
INFO:root:run 3 step 77
INFO:root:num of trees 294
INFO:root:run 3 step 78
INFO:root:num of trees 294
INFO:root:run 3 step 79
INFO:root:num of trees 294
INFO:root:run 3 step 80
INFO:root:num of trees 294
INFO:root:run 3 step 81
INFO:root:num of trees 294
INFO:root:run 3 step 82
INFO:root:num of trees 294
INFO:root:run 3 step 83
INFO:root:num of trees 294
INFO:root:run 3 step 84
INFO:root:num of trees 294
INFO:root:run 3 step 85
INFO:root:num of trees 294
INFO:root:run 3 step 86
INFO:root:num of trees 294
INFO:root:run 3 step 87
INFO:root:num of trees 294
INFO:root:run 3 step 88
INFO:root:num of trees 294
INFO:root:run 3 step 89
INFO:root:num of trees 294
INFO:root:run 3 step 90
INFO:root:num of trees 294
INFO:root:run 3 step 91
INFO:root:num of trees 294
INFO:root:run 3 step 92
INFO:root:num of trees 294
INFO:root:run 3 step 93
INFO:root:num of trees 294
INFO:root:run 3 step 94
INFO:root:num of trees 294
INFO:root:run 3 step 95
INFO:root:num of trees 294
INFO:root:run 3 step 96
INFO:root:num of trees 294
INFO:root:run 3 step 97
INFO:root:num of trees 294
INFO:root:run 3 step 98
INFO:root:num of trees 294
INFO:root:run 3 step 99
INFO:root:num of trees 294
INFO:root:run 4 step 0
INFO:root:num of trees 638
INFO:root:run 4 step 1
INFO:root:num of trees 638
INFO:root:run 4 step 2
INFO:root:num of trees 638
INFO:root:run 4 step 3
INFO:root:num of trees 638
INFO:root:run 4 step 4
INFO:root:num of trees 638
INFO:root:run 4 step 5
INFO:root:num of trees 638
INFO:root:run 4 step 6
INFO:root:num of trees 638
INFO:root:run 4 step 7
INFO:root:num of trees 638
INFO:root:run 4 step 8
INFO:root:num of trees 638
INFO:root:run 4 step 9
INFO:root:num of trees 638
INFO:root:run 4 step 10
INFO:root:num of trees 638
INFO:root:run 4 step 11
INFO:root:num of trees 638
INFO:root:run 4 step 12
INFO:root:num of trees 638
INFO:root:run 4 step 13
INFO:root:num of trees 638
INFO:root:run 4 step 14
INFO:root:num of trees 638
INFO:root:run 4 step 15
INFO:root:num of trees 638
INFO:root:run 4 step 16
INFO:root:num of trees 638
INFO:root:run 4 step 17
INFO:root:num of trees 638
INFO:root:run 4 step 18
INFO:root:num of trees 638
INFO:root:run 4 step 19
INFO:root:num of trees 638
INFO:root:run 4 step 20
INFO:root:num of trees 638
INFO:root:run 4 step 21
INFO:root:num of trees 638
INFO:root:run 4 step 22
INFO:root:num of trees 638
INFO:root:run 4 step 23
INFO:root:num of trees 638
INFO:root:run 4 step 24
INFO:root:num of trees 638
INFO:root:run 4 step 25
INFO:root:num of trees 638
INFO:root:run 4 step 26
INFO:root:num of trees 638
INFO:root:run 4 step 27
INFO:root:num of trees 638
INFO:root:run 4 step 28
INFO:root:num of trees 638
INFO:root:run 4 step 29
INFO:root:num of trees 638
INFO:root:run 4 step 30
INFO:root:num of trees 638
INFO:root:run 4 step 31
INFO:root:num of trees 638
INFO:root:run 4 step 32
INFO:root:num of trees 638
INFO:root:run 4 step 33
INFO:root:num of trees 638
INFO:root:run 4 step 34
INFO:root:num of trees 638
INFO:root:run 4 step 35
INFO:root:num of trees 638
INFO:root:run 4 step 36
INFO:root:num of trees 638
INFO:root:run 4 step 37
INFO:root:num of trees 638
INFO:root:run 4 step 38
INFO:root:num of trees 638
INFO:root:run 4 step 39
INFO:root:num of trees 638
INFO:root:run 4 step 40
INFO:root:num of trees 638
INFO:root:run 4 step 41
INFO:root:num of trees 638
INFO:root:run 4 step 42
INFO:root:num of trees 638
INFO:root:run 4 step 43
INFO:root:num of trees 638
INFO:root:run 4 step 44
INFO:root:num of trees 638
INFO:root:run 4 step 45
INFO:root:num of trees 638
INFO:root:run 4 step 46
INFO:root:num of trees 638
INFO:root:run 4 step 47
INFO:root:num of trees 638
INFO:root:run 4 step 48
INFO:root:num of trees 638
INFO:root:run 4 step 49
INFO:root:num of trees 638
INFO:root:run 4 step 50
INFO:root:num of trees 638
INFO:root:run 4 step 51
INFO:root:num of trees 319
INFO:root:run 4 step 52
INFO:root:num of trees 319
INFO:root:run 4 step 53
INFO:root:num of trees 319
INFO:root:run 4 step 54
INFO:root:num of trees 319
INFO:root:run 4 step 55
INFO:root:num of trees 319
INFO:root:run 4 step 56
INFO:root:num of trees 319
INFO:root:run 4 step 57
INFO:root:num of trees 319
INFO:root:run 4 step 58
INFO:root:num of trees 319
INFO:root:run 4 step 59
INFO:root:num of trees 319
INFO:root:run 4 step 60
INFO:root:num of trees 319
INFO:root:run 4 step 61
INFO:root:num of trees 319
INFO:root:run 4 step 62
INFO:root:num of trees 319
INFO:root:run 4 step 63
INFO:root:num of trees 319
INFO:root:run 4 step 64
INFO:root:num of trees 319
INFO:root:run 4 step 65
INFO:root:num of trees 319
INFO:root:run 4 step 66
INFO:root:num of trees 319
INFO:root:run 4 step 67
INFO:root:num of trees 319
INFO:root:run 4 step 68
INFO:root:num of trees 319
INFO:root:run 4 step 69
INFO:root:num of trees 319
INFO:root:run 4 step 70
INFO:root:num of trees 319
INFO:root:run 4 step 71
INFO:root:num of trees 319
INFO:root:run 4 step 72
INFO:root:num of trees 319
INFO:root:run 4 step 73
INFO:root:num of trees 319
INFO:root:run 4 step 74
INFO:root:num of trees 319
INFO:root:run 4 step 75
INFO:root:num of trees 319
INFO:root:run 4 step 76
INFO:root:num of trees 319
INFO:root:run 4 step 77
INFO:root:num of trees 319
INFO:root:run 4 step 78
INFO:root:num of trees 319
INFO:root:run 4 step 79
INFO:root:num of trees 319
INFO:root:run 4 step 80
INFO:root:num of trees 319
INFO:root:run 4 step 81
INFO:root:num of trees 319
INFO:root:run 4 step 82
INFO:root:num of trees 319
INFO:root:run 4 step 83
INFO:root:num of trees 319
INFO:root:run 4 step 84
INFO:root:num of trees 319
INFO:root:run 4 step 85
INFO:root:num of trees 319
INFO:root:run 4 step 86
INFO:root:num of trees 319
INFO:root:run 4 step 87
INFO:root:num of trees 319
INFO:root:run 4 step 88
INFO:root:num of trees 319
INFO:root:run 4 step 89
INFO:root:num of trees 319
INFO:root:run 4 step 90
INFO:root:num of trees 319
INFO:root:run 4 step 91
INFO:root:num of trees 319
INFO:root:run 4 step 92
INFO:root:num of trees 319
INFO:root:run 4 step 93
INFO:root:num of trees 319
INFO:root:run 4 step 94
INFO:root:num of trees 319
INFO:root:run 4 step 95
INFO:root:num of trees 319
INFO:root:run 4 step 96
INFO:root:num of trees 319
INFO:root:run 4 step 97
INFO:root:num of trees 319
INFO:root:run 4 step 98
INFO:root:num of trees 319
INFO:root:run 4 step 99
INFO:root:num of trees 319
INFO:root:run 5 step 0
INFO:root:num of trees 569
INFO:root:run 5 step 1
INFO:root:num of trees 569
INFO:root:run 5 step 2
INFO:root:num of trees 569
INFO:root:run 5 step 3
INFO:root:num of trees 569
INFO:root:run 5 step 4
INFO:root:num of trees 569
INFO:root:run 5 step 5
INFO:root:num of trees 569
INFO:root:run 5 step 6
INFO:root:num of trees 569
INFO:root:run 5 step 7
INFO:root:num of trees 569
INFO:root:run 5 step 8
INFO:root:num of trees 569
INFO:root:run 5 step 9
INFO:root:num of trees 569
INFO:root:run 5 step 10
INFO:root:num of trees 569
INFO:root:run 5 step 11
INFO:root:num of trees 569
INFO:root:run 5 step 12
INFO:root:num of trees 569
INFO:root:run 5 step 13
INFO:root:num of trees 569
INFO:root:run 5 step 14
INFO:root:num of trees 569
INFO:root:run 5 step 15
INFO:root:num of trees 569
INFO:root:run 5 step 16
INFO:root:num of trees 569
INFO:root:run 5 step 17
INFO:root:num of trees 569
INFO:root:run 5 step 18
INFO:root:num of trees 569
INFO:root:run 5 step 19
INFO:root:num of trees 569
INFO:root:run 5 step 20
INFO:root:num of trees 569
INFO:root:run 5 step 21
INFO:root:num of trees 569
INFO:root:run 5 step 22
INFO:root:num of trees 569
INFO:root:run 5 step 23
INFO:root:num of trees 569
INFO:root:run 5 step 24
INFO:root:num of trees 569
INFO:root:run 5 step 25
INFO:root:num of trees 569
INFO:root:run 5 step 26
INFO:root:num of trees 569
INFO:root:run 5 step 27
INFO:root:num of trees 569
INFO:root:run 5 step 28
INFO:root:num of trees 569
INFO:root:run 5 step 29
INFO:root:num of trees 569
INFO:root:run 5 step 30
INFO:root:num of trees 569
INFO:root:run 5 step 31
INFO:root:num of trees 569
INFO:root:run 5 step 32
INFO:root:num of trees 569
INFO:root:run 5 step 33
INFO:root:num of trees 569
INFO:root:run 5 step 34
INFO:root:num of trees 569
INFO:root:run 5 step 35
INFO:root:num of trees 569
INFO:root:run 5 step 36
INFO:root:num of trees 569
INFO:root:run 5 step 37
INFO:root:num of trees 569
INFO:root:run 5 step 38
INFO:root:num of trees 569
INFO:root:run 5 step 39
INFO:root:num of trees 569
INFO:root:run 5 step 40
INFO:root:num of trees 569
INFO:root:run 5 step 41
INFO:root:num of trees 569
INFO:root:run 5 step 42
INFO:root:num of trees 569
INFO:root:run 5 step 43
INFO:root:num of trees 569
INFO:root:run 5 step 44
INFO:root:num of trees 569
INFO:root:run 5 step 45
INFO:root:num of trees 569
INFO:root:run 5 step 46
INFO:root:num of trees 569
INFO:root:run 5 step 47
INFO:root:num of trees 569
INFO:root:run 5 step 48
INFO:root:num of trees 569
INFO:root:run 5 step 49
INFO:root:num of trees 569
INFO:root:run 5 step 50
INFO:root:num of trees 569
INFO:root:run 5 step 51
INFO:root:num of trees 285
INFO:root:run 5 step 52
INFO:root:num of trees 285
INFO:root:run 5 step 53
INFO:root:num of trees 285
INFO:root:run 5 step 54
INFO:root:num of trees 285
INFO:root:run 5 step 55
INFO:root:num of trees 285
INFO:root:run 5 step 56
INFO:root:num of trees 285
INFO:root:run 5 step 57
INFO:root:num of trees 285
INFO:root:run 5 step 58
INFO:root:num of trees 285
INFO:root:run 5 step 59
INFO:root:num of trees 285
INFO:root:run 5 step 60
INFO:root:num of trees 285
INFO:root:run 5 step 61
INFO:root:num of trees 285
INFO:root:run 5 step 62
INFO:root:num of trees 285
INFO:root:run 5 step 63
INFO:root:num of trees 285
INFO:root:run 5 step 64
INFO:root:num of trees 285
INFO:root:run 5 step 65
INFO:root:num of trees 285
INFO:root:run 5 step 66
INFO:root:num of trees 285
INFO:root:run 5 step 67
INFO:root:num of trees 285
INFO:root:run 5 step 68
INFO:root:num of trees 285
INFO:root:run 5 step 69
INFO:root:num of trees 285
INFO:root:run 5 step 70
INFO:root:num of trees 285
INFO:root:run 5 step 71
INFO:root:num of trees 285
INFO:root:run 5 step 72
INFO:root:num of trees 285
INFO:root:run 5 step 73
INFO:root:num of trees 285
INFO:root:run 5 step 74
INFO:root:num of trees 285
INFO:root:run 5 step 75
INFO:root:num of trees 285
INFO:root:run 5 step 76
INFO:root:num of trees 285
INFO:root:run 5 step 77
INFO:root:num of trees 285
INFO:root:run 5 step 78
INFO:root:num of trees 285
INFO:root:run 5 step 79
INFO:root:num of trees 285
INFO:root:run 5 step 80
INFO:root:num of trees 285
INFO:root:run 5 step 81
INFO:root:num of trees 285
INFO:root:run 5 step 82
INFO:root:num of trees 285
INFO:root:run 5 step 83
INFO:root:num of trees 285
INFO:root:run 5 step 84
INFO:root:num of trees 285
INFO:root:run 5 step 85
INFO:root:num of trees 285
INFO:root:run 5 step 86
INFO:root:num of trees 285
INFO:root:run 5 step 87
INFO:root:num of trees 285
INFO:root:run 5 step 88
INFO:root:num of trees 285
INFO:root:run 5 step 89
INFO:root:num of trees 285
INFO:root:run 5 step 90
INFO:root:num of trees 285
INFO:root:run 5 step 91
INFO:root:num of trees 285
INFO:root:run 5 step 92
INFO:root:num of trees 285
INFO:root:run 5 step 93
INFO:root:num of trees 285
INFO:root:run 5 step 94
INFO:root:num of trees 285
INFO:root:run 5 step 95
INFO:root:num of trees 285
INFO:root:run 5 step 96
INFO:root:num of trees 285
INFO:root:run 5 step 97
INFO:root:num of trees 285
INFO:root:run 5 step 98
INFO:root:num of trees 285
INFO:root:run 5 step 99
INFO:root:num of trees 285
INFO:root:run 6 step 0
INFO:root:num of trees 633
INFO:root:run 6 step 1
INFO:root:num of trees 633
INFO:root:run 6 step 2
INFO:root:num of trees 633
INFO:root:run 6 step 3
INFO:root:num of trees 633
INFO:root:run 6 step 4
INFO:root:num of trees 633
INFO:root:run 6 step 5
INFO:root:num of trees 633
INFO:root:run 6 step 6
INFO:root:num of trees 633
INFO:root:run 6 step 7
INFO:root:num of trees 633
INFO:root:run 6 step 8
INFO:root:num of trees 633
INFO:root:run 6 step 9
INFO:root:num of trees 633
INFO:root:run 6 step 10
INFO:root:num of trees 633
INFO:root:run 6 step 11
INFO:root:num of trees 633
INFO:root:run 6 step 12
INFO:root:num of trees 633
INFO:root:run 6 step 13
INFO:root:num of trees 633
INFO:root:run 6 step 14
INFO:root:num of trees 633
INFO:root:run 6 step 15
INFO:root:num of trees 633
INFO:root:run 6 step 16
INFO:root:num of trees 633
INFO:root:run 6 step 17
INFO:root:num of trees 633
INFO:root:run 6 step 18
INFO:root:num of trees 633
INFO:root:run 6 step 19
INFO:root:num of trees 633
INFO:root:run 6 step 20
INFO:root:num of trees 633
INFO:root:run 6 step 21
INFO:root:num of trees 633
INFO:root:run 6 step 22
INFO:root:num of trees 633
INFO:root:run 6 step 23
INFO:root:num of trees 633
INFO:root:run 6 step 24
INFO:root:num of trees 633
INFO:root:run 6 step 25
INFO:root:num of trees 633
INFO:root:run 6 step 26
INFO:root:num of trees 633
INFO:root:run 6 step 27
INFO:root:num of trees 633
INFO:root:run 6 step 28
INFO:root:num of trees 633
INFO:root:run 6 step 29
INFO:root:num of trees 633
INFO:root:run 6 step 30
INFO:root:num of trees 633
INFO:root:run 6 step 31
INFO:root:num of trees 633
INFO:root:run 6 step 32
INFO:root:num of trees 633
INFO:root:run 6 step 33
INFO:root:num of trees 633
INFO:root:run 6 step 34
INFO:root:num of trees 633
INFO:root:run 6 step 35
INFO:root:num of trees 633
INFO:root:run 6 step 36
INFO:root:num of trees 633
INFO:root:run 6 step 37
INFO:root:num of trees 633
INFO:root:run 6 step 38
INFO:root:num of trees 633
INFO:root:run 6 step 39
INFO:root:num of trees 633
INFO:root:run 6 step 40
INFO:root:num of trees 633
INFO:root:run 6 step 41
INFO:root:num of trees 633
INFO:root:run 6 step 42
INFO:root:num of trees 633
INFO:root:run 6 step 43
INFO:root:num of trees 633
INFO:root:run 6 step 44
INFO:root:num of trees 633
INFO:root:run 6 step 45
INFO:root:num of trees 633
INFO:root:run 6 step 46
INFO:root:num of trees 633
INFO:root:run 6 step 47
INFO:root:num of trees 633
INFO:root:run 6 step 48
INFO:root:num of trees 633
INFO:root:run 6 step 49
INFO:root:num of trees 633
INFO:root:run 6 step 50
INFO:root:num of trees 633
INFO:root:run 6 step 51
INFO:root:num of trees 317
INFO:root:run 6 step 52
INFO:root:num of trees 317
INFO:root:run 6 step 53
INFO:root:num of trees 317
INFO:root:run 6 step 54
INFO:root:num of trees 317
INFO:root:run 6 step 55
INFO:root:num of trees 317
INFO:root:run 6 step 56
INFO:root:num of trees 317
INFO:root:run 6 step 57
INFO:root:num of trees 317
INFO:root:run 6 step 58
INFO:root:num of trees 317
INFO:root:run 6 step 59
INFO:root:num of trees 317
INFO:root:run 6 step 60
INFO:root:num of trees 317
INFO:root:run 6 step 61
INFO:root:num of trees 317
INFO:root:run 6 step 62
INFO:root:num of trees 317
INFO:root:run 6 step 63
INFO:root:num of trees 317
INFO:root:run 6 step 64
INFO:root:num of trees 317
INFO:root:run 6 step 65
INFO:root:num of trees 317
INFO:root:run 6 step 66
INFO:root:num of trees 317
INFO:root:run 6 step 67
INFO:root:num of trees 317
INFO:root:run 6 step 68
INFO:root:num of trees 317
INFO:root:run 6 step 69
INFO:root:num of trees 317
INFO:root:run 6 step 70
INFO:root:num of trees 317
INFO:root:run 6 step 71
INFO:root:num of trees 317
INFO:root:run 6 step 72
INFO:root:num of trees 317
INFO:root:run 6 step 73
INFO:root:num of trees 317
INFO:root:run 6 step 74
INFO:root:num of trees 317
INFO:root:run 6 step 75
INFO:root:num of trees 317
INFO:root:run 6 step 76
INFO:root:num of trees 317
INFO:root:run 6 step 77
INFO:root:num of trees 317
INFO:root:run 6 step 78
INFO:root:num of trees 317
INFO:root:run 6 step 79
INFO:root:num of trees 317
INFO:root:run 6 step 80
INFO:root:num of trees 317
INFO:root:run 6 step 81
INFO:root:num of trees 317
INFO:root:run 6 step 82
INFO:root:num of trees 317
INFO:root:run 6 step 83
INFO:root:num of trees 317
INFO:root:run 6 step 84
INFO:root:num of trees 317
INFO:root:run 6 step 85
INFO:root:num of trees 317
INFO:root:run 6 step 86
INFO:root:num of trees 317
INFO:root:run 6 step 87
INFO:root:num of trees 317
INFO:root:run 6 step 88
INFO:root:num of trees 317
INFO:root:run 6 step 89
INFO:root:num of trees 317
INFO:root:run 6 step 90
INFO:root:num of trees 317
INFO:root:run 6 step 91
INFO:root:num of trees 317
INFO:root:run 6 step 92
INFO:root:num of trees 317
INFO:root:run 6 step 93
INFO:root:num of trees 317
INFO:root:run 6 step 94
INFO:root:num of trees 317
INFO:root:run 6 step 95
INFO:root:num of trees 317
INFO:root:run 6 step 96
INFO:root:num of trees 317
INFO:root:run 6 step 97
INFO:root:num of trees 317
INFO:root:run 6 step 98
INFO:root:num of trees 317
INFO:root:run 6 step 99
INFO:root:num of trees 317
INFO:root:run 7 step 0
INFO:root:num of trees 606
INFO:root:run 7 step 1
INFO:root:num of trees 606
INFO:root:run 7 step 2
INFO:root:num of trees 606
INFO:root:run 7 step 3
INFO:root:num of trees 606
INFO:root:run 7 step 4
INFO:root:num of trees 606
INFO:root:run 7 step 5
INFO:root:num of trees 606
INFO:root:run 7 step 6
INFO:root:num of trees 606
INFO:root:run 7 step 7
INFO:root:num of trees 606
INFO:root:run 7 step 8
INFO:root:num of trees 606
INFO:root:run 7 step 9
INFO:root:num of trees 606
INFO:root:run 7 step 10
INFO:root:num of trees 606
INFO:root:run 7 step 11
INFO:root:num of trees 606
INFO:root:run 7 step 12
INFO:root:num of trees 606
INFO:root:run 7 step 13
INFO:root:num of trees 606
INFO:root:run 7 step 14
INFO:root:num of trees 606
INFO:root:run 7 step 15
INFO:root:num of trees 606
INFO:root:run 7 step 16
INFO:root:num of trees 606
INFO:root:run 7 step 17
INFO:root:num of trees 606
INFO:root:run 7 step 18
INFO:root:num of trees 606
INFO:root:run 7 step 19
INFO:root:num of trees 606
INFO:root:run 7 step 20
INFO:root:num of trees 606
INFO:root:run 7 step 21
INFO:root:num of trees 606
INFO:root:run 7 step 22
INFO:root:num of trees 606
INFO:root:run 7 step 23
INFO:root:num of trees 606
INFO:root:run 7 step 24
INFO:root:num of trees 606
INFO:root:run 7 step 25
INFO:root:num of trees 606
INFO:root:run 7 step 26
INFO:root:num of trees 606
INFO:root:run 7 step 27
INFO:root:num of trees 606
INFO:root:run 7 step 28
INFO:root:num of trees 606
INFO:root:run 7 step 29
INFO:root:num of trees 606
INFO:root:run 7 step 30
INFO:root:num of trees 606
INFO:root:run 7 step 31
INFO:root:num of trees 606
INFO:root:run 7 step 32
INFO:root:num of trees 606
INFO:root:run 7 step 33
INFO:root:num of trees 606
INFO:root:run 7 step 34
INFO:root:num of trees 606
INFO:root:run 7 step 35
INFO:root:num of trees 606
INFO:root:run 7 step 36
INFO:root:num of trees 606
INFO:root:run 7 step 37
INFO:root:num of trees 606
INFO:root:run 7 step 38
INFO:root:num of trees 606
INFO:root:run 7 step 39
INFO:root:num of trees 606
INFO:root:run 7 step 40
INFO:root:num of trees 606
INFO:root:run 7 step 41
INFO:root:num of trees 606
INFO:root:run 7 step 42
INFO:root:num of trees 606
INFO:root:run 7 step 43
INFO:root:num of trees 606
INFO:root:run 7 step 44
INFO:root:num of trees 606
INFO:root:run 7 step 45
INFO:root:num of trees 606
INFO:root:run 7 step 46
INFO:root:num of trees 606
INFO:root:run 7 step 47
INFO:root:num of trees 606
INFO:root:run 7 step 48
INFO:root:num of trees 606
INFO:root:run 7 step 49
INFO:root:num of trees 606
INFO:root:run 7 step 50
INFO:root:num of trees 606
INFO:root:run 7 step 51
INFO:root:num of trees 303
INFO:root:run 7 step 52
INFO:root:num of trees 303
INFO:root:run 7 step 53
INFO:root:num of trees 303
INFO:root:run 7 step 54
INFO:root:num of trees 303
INFO:root:run 7 step 55
INFO:root:num of trees 303
INFO:root:run 7 step 56
INFO:root:num of trees 303
INFO:root:run 7 step 57
INFO:root:num of trees 303
INFO:root:run 7 step 58
INFO:root:num of trees 303
INFO:root:run 7 step 59
INFO:root:num of trees 303
INFO:root:run 7 step 60
INFO:root:num of trees 303
INFO:root:run 7 step 61
INFO:root:num of trees 303
INFO:root:run 7 step 62
INFO:root:num of trees 303
INFO:root:run 7 step 63
INFO:root:num of trees 303
INFO:root:run 7 step 64
INFO:root:num of trees 303
INFO:root:run 7 step 65
INFO:root:num of trees 303
INFO:root:run 7 step 66
INFO:root:num of trees 303
INFO:root:run 7 step 67
INFO:root:num of trees 303
INFO:root:run 7 step 68
INFO:root:num of trees 303
INFO:root:run 7 step 69
INFO:root:num of trees 303
INFO:root:run 7 step 70
INFO:root:num of trees 303
INFO:root:run 7 step 71
INFO:root:num of trees 303
INFO:root:run 7 step 72
INFO:root:num of trees 303
INFO:root:run 7 step 73
INFO:root:num of trees 303
INFO:root:run 7 step 74
INFO:root:num of trees 303
INFO:root:run 7 step 75
INFO:root:num of trees 303
INFO:root:run 7 step 76
INFO:root:num of trees 303
INFO:root:run 7 step 77
INFO:root:num of trees 303
INFO:root:run 7 step 78
INFO:root:num of trees 303
INFO:root:run 7 step 79
INFO:root:num of trees 303
INFO:root:run 7 step 80
INFO:root:num of trees 303
INFO:root:run 7 step 81
INFO:root:num of trees 303
INFO:root:run 7 step 82
INFO:root:num of trees 303
INFO:root:run 7 step 83
INFO:root:num of trees 303
INFO:root:run 7 step 84
INFO:root:num of trees 303
INFO:root:run 7 step 85
INFO:root:num of trees 303
INFO:root:run 7 step 86
INFO:root:num of trees 303
INFO:root:run 7 step 87
INFO:root:num of trees 303
INFO:root:run 7 step 88
INFO:root:num of trees 303
INFO:root:run 7 step 89
INFO:root:num of trees 303
INFO:root:run 7 step 90
INFO:root:num of trees 303
INFO:root:run 7 step 91
INFO:root:num of trees 303
INFO:root:run 7 step 92
INFO:root:num of trees 303
INFO:root:run 7 step 93
INFO:root:num of trees 303
INFO:root:run 7 step 94
INFO:root:num of trees 303
INFO:root:run 7 step 95
INFO:root:num of trees 303
INFO:root:run 7 step 96
INFO:root:num of trees 303
INFO:root:run 7 step 97
INFO:root:num of trees 303
INFO:root:run 7 step 98
INFO:root:num of trees 303
INFO:root:run 7 step 99
INFO:root:num of trees 303
INFO:root:run 8 step 0
INFO:root:num of trees 658
INFO:root:run 8 step 1
INFO:root:num of trees 658
INFO:root:run 8 step 2
INFO:root:num of trees 658
INFO:root:run 8 step 3
INFO:root:num of trees 658
INFO:root:run 8 step 4
INFO:root:num of trees 658
INFO:root:run 8 step 5
INFO:root:num of trees 658
INFO:root:run 8 step 6
INFO:root:num of trees 658
INFO:root:run 8 step 7
INFO:root:num of trees 658
INFO:root:run 8 step 8
INFO:root:num of trees 658
INFO:root:run 8 step 9
INFO:root:num of trees 658
INFO:root:run 8 step 10
INFO:root:num of trees 658
INFO:root:run 8 step 11
INFO:root:num of trees 658
INFO:root:run 8 step 12
INFO:root:num of trees 658
INFO:root:run 8 step 13
INFO:root:num of trees 658
INFO:root:run 8 step 14
INFO:root:num of trees 658
INFO:root:run 8 step 15
INFO:root:num of trees 658
INFO:root:run 8 step 16
INFO:root:num of trees 658
INFO:root:run 8 step 17
INFO:root:num of trees 658
INFO:root:run 8 step 18
INFO:root:num of trees 658
INFO:root:run 8 step 19
INFO:root:num of trees 658
INFO:root:run 8 step 20
INFO:root:num of trees 658
INFO:root:run 8 step 21
INFO:root:num of trees 658
INFO:root:run 8 step 22
INFO:root:num of trees 658
INFO:root:run 8 step 23
INFO:root:num of trees 658
INFO:root:run 8 step 24
INFO:root:num of trees 658
INFO:root:run 8 step 25
INFO:root:num of trees 658
INFO:root:run 8 step 26
INFO:root:num of trees 658
INFO:root:run 8 step 27
INFO:root:num of trees 658
INFO:root:run 8 step 28
INFO:root:num of trees 658
INFO:root:run 8 step 29
INFO:root:num of trees 658
INFO:root:run 8 step 30
INFO:root:num of trees 658
INFO:root:run 8 step 31
INFO:root:num of trees 658
INFO:root:run 8 step 32
INFO:root:num of trees 658
INFO:root:run 8 step 33
INFO:root:num of trees 658
INFO:root:run 8 step 34
INFO:root:num of trees 658
INFO:root:run 8 step 35
INFO:root:num of trees 658
INFO:root:run 8 step 36
INFO:root:num of trees 658
INFO:root:run 8 step 37
INFO:root:num of trees 658
INFO:root:run 8 step 38
INFO:root:num of trees 658
INFO:root:run 8 step 39
INFO:root:num of trees 658
INFO:root:run 8 step 40
INFO:root:num of trees 658
INFO:root:run 8 step 41
INFO:root:num of trees 658
INFO:root:run 8 step 42
INFO:root:num of trees 658
INFO:root:run 8 step 43
INFO:root:num of trees 658
INFO:root:run 8 step 44
INFO:root:num of trees 658
INFO:root:run 8 step 45
INFO:root:num of trees 658
INFO:root:run 8 step 46
INFO:root:num of trees 658
INFO:root:run 8 step 47
INFO:root:num of trees 658
INFO:root:run 8 step 48
INFO:root:num of trees 658
INFO:root:run 8 step 49
INFO:root:num of trees 658
INFO:root:run 8 step 50
INFO:root:num of trees 658
INFO:root:run 8 step 51
INFO:root:num of trees 329
INFO:root:run 8 step 52
INFO:root:num of trees 329
INFO:root:run 8 step 53
INFO:root:num of trees 329
INFO:root:run 8 step 54
INFO:root:num of trees 329
INFO:root:run 8 step 55
INFO:root:num of trees 329
INFO:root:run 8 step 56
INFO:root:num of trees 329
INFO:root:run 8 step 57
INFO:root:num of trees 329
INFO:root:run 8 step 58
INFO:root:num of trees 329
INFO:root:run 8 step 59
INFO:root:num of trees 329
INFO:root:run 8 step 60
INFO:root:num of trees 329
INFO:root:run 8 step 61
INFO:root:num of trees 329
INFO:root:run 8 step 62
INFO:root:num of trees 329
INFO:root:run 8 step 63
INFO:root:num of trees 329
INFO:root:run 8 step 64
INFO:root:num of trees 329
INFO:root:run 8 step 65
INFO:root:num of trees 329
INFO:root:run 8 step 66
INFO:root:num of trees 329
INFO:root:run 8 step 67
INFO:root:num of trees 329
INFO:root:run 8 step 68
INFO:root:num of trees 329
INFO:root:run 8 step 69
INFO:root:num of trees 329
INFO:root:run 8 step 70
INFO:root:num of trees 329
INFO:root:run 8 step 71
INFO:root:num of trees 329
INFO:root:run 8 step 72
INFO:root:num of trees 329
INFO:root:run 8 step 73
INFO:root:num of trees 329
INFO:root:run 8 step 74
INFO:root:num of trees 329
INFO:root:run 8 step 75
INFO:root:num of trees 329
INFO:root:run 8 step 76
INFO:root:num of trees 329
INFO:root:run 8 step 77
INFO:root:num of trees 329
INFO:root:run 8 step 78
INFO:root:num of trees 329
INFO:root:run 8 step 79
INFO:root:num of trees 329
INFO:root:run 8 step 80
INFO:root:num of trees 329
INFO:root:run 8 step 81
INFO:root:num of trees 329
INFO:root:run 8 step 82
INFO:root:num of trees 329
INFO:root:run 8 step 83
INFO:root:num of trees 329
INFO:root:run 8 step 84
INFO:root:num of trees 329
INFO:root:run 8 step 85
INFO:root:num of trees 329
INFO:root:run 8 step 86
INFO:root:num of trees 329
INFO:root:run 8 step 87
INFO:root:num of trees 329
INFO:root:run 8 step 88
INFO:root:num of trees 329
INFO:root:run 8 step 89
INFO:root:num of trees 329
INFO:root:run 8 step 90
INFO:root:num of trees 329
INFO:root:run 8 step 91
INFO:root:num of trees 329
INFO:root:run 8 step 92
INFO:root:num of trees 329
INFO:root:run 8 step 93
INFO:root:num of trees 329
INFO:root:run 8 step 94
INFO:root:num of trees 329
INFO:root:run 8 step 95
INFO:root:num of trees 329
INFO:root:run 8 step 96
INFO:root:num of trees 329
INFO:root:run 8 step 97
INFO:root:num of trees 329
INFO:root:run 8 step 98
INFO:root:num of trees 329
INFO:root:run 8 step 99
INFO:root:num of trees 329
INFO:root:run 9 step 0
INFO:root:num of trees 636
INFO:root:run 9 step 1
INFO:root:num of trees 636
INFO:root:run 9 step 2
INFO:root:num of trees 636
INFO:root:run 9 step 3
INFO:root:num of trees 636
INFO:root:run 9 step 4
INFO:root:num of trees 636
INFO:root:run 9 step 5
INFO:root:num of trees 636
INFO:root:run 9 step 6
INFO:root:num of trees 636
INFO:root:run 9 step 7
INFO:root:num of trees 636
INFO:root:run 9 step 8
INFO:root:num of trees 636
INFO:root:run 9 step 9
INFO:root:num of trees 636
INFO:root:run 9 step 10
INFO:root:num of trees 636
INFO:root:run 9 step 11
INFO:root:num of trees 636
INFO:root:run 9 step 12
INFO:root:num of trees 636
INFO:root:run 9 step 13
INFO:root:num of trees 636
INFO:root:run 9 step 14
INFO:root:num of trees 636
INFO:root:run 9 step 15
INFO:root:num of trees 636
INFO:root:run 9 step 16
INFO:root:num of trees 636
INFO:root:run 9 step 17
INFO:root:num of trees 636
INFO:root:run 9 step 18
INFO:root:num of trees 636
INFO:root:run 9 step 19
INFO:root:num of trees 636
INFO:root:run 9 step 20
INFO:root:num of trees 636
INFO:root:run 9 step 21
INFO:root:num of trees 636
INFO:root:run 9 step 22
INFO:root:num of trees 636
INFO:root:run 9 step 23
INFO:root:num of trees 636
INFO:root:run 9 step 24
INFO:root:num of trees 636
INFO:root:run 9 step 25
INFO:root:num of trees 636
INFO:root:run 9 step 26
INFO:root:num of trees 636
INFO:root:run 9 step 27
INFO:root:num of trees 636
INFO:root:run 9 step 28
INFO:root:num of trees 636
INFO:root:run 9 step 29
INFO:root:num of trees 636
INFO:root:run 9 step 30
INFO:root:num of trees 636
INFO:root:run 9 step 31
INFO:root:num of trees 636
INFO:root:run 9 step 32
INFO:root:num of trees 636
INFO:root:run 9 step 33
INFO:root:num of trees 636
INFO:root:run 9 step 34
INFO:root:num of trees 636
INFO:root:run 9 step 35
INFO:root:num of trees 636
INFO:root:run 9 step 36
INFO:root:num of trees 636
INFO:root:run 9 step 37
INFO:root:num of trees 636
INFO:root:run 9 step 38
INFO:root:num of trees 636
INFO:root:run 9 step 39
INFO:root:num of trees 636
INFO:root:run 9 step 40
INFO:root:num of trees 636
INFO:root:run 9 step 41
INFO:root:num of trees 636
INFO:root:run 9 step 42
INFO:root:num of trees 636
INFO:root:run 9 step 43
INFO:root:num of trees 636
INFO:root:run 9 step 44
INFO:root:num of trees 636
INFO:root:run 9 step 45
INFO:root:num of trees 636
INFO:root:run 9 step 46
INFO:root:num of trees 636
INFO:root:run 9 step 47
INFO:root:num of trees 636
INFO:root:run 9 step 48
INFO:root:num of trees 636
INFO:root:run 9 step 49
INFO:root:num of trees 636
INFO:root:run 9 step 50
INFO:root:num of trees 636
INFO:root:run 9 step 51
INFO:root:num of trees 318
INFO:root:run 9 step 52
INFO:root:num of trees 318
INFO:root:run 9 step 53
INFO:root:num of trees 318
INFO:root:run 9 step 54
INFO:root:num of trees 318
INFO:root:run 9 step 55
INFO:root:num of trees 318
INFO:root:run 9 step 56
INFO:root:num of trees 318
INFO:root:run 9 step 57
INFO:root:num of trees 318
INFO:root:run 9 step 58
INFO:root:num of trees 318
INFO:root:run 9 step 59
INFO:root:num of trees 318
INFO:root:run 9 step 60
INFO:root:num of trees 318
INFO:root:run 9 step 61
INFO:root:num of trees 318
INFO:root:run 9 step 62
INFO:root:num of trees 318
INFO:root:run 9 step 63
INFO:root:num of trees 318
INFO:root:run 9 step 64
INFO:root:num of trees 318
INFO:root:run 9 step 65
INFO:root:num of trees 318
INFO:root:run 9 step 66
INFO:root:num of trees 318
INFO:root:run 9 step 67
INFO:root:num of trees 318
INFO:root:run 9 step 68
INFO:root:num of trees 318
INFO:root:run 9 step 69
INFO:root:num of trees 318
INFO:root:run 9 step 70
INFO:root:num of trees 318
INFO:root:run 9 step 71
INFO:root:num of trees 318
INFO:root:run 9 step 72
INFO:root:num of trees 318
INFO:root:run 9 step 73
INFO:root:num of trees 318
INFO:root:run 9 step 74
INFO:root:num of trees 318
INFO:root:run 9 step 75
INFO:root:num of trees 318
INFO:root:run 9 step 76
INFO:root:num of trees 318
INFO:root:run 9 step 77
INFO:root:num of trees 318
INFO:root:run 9 step 78
INFO:root:num of trees 318
INFO:root:run 9 step 79
INFO:root:num of trees 318
INFO:root:run 9 step 80
INFO:root:num of trees 318
INFO:root:run 9 step 81
INFO:root:num of trees 318
INFO:root:run 9 step 82
INFO:root:num of trees 318
INFO:root:run 9 step 83
INFO:root:num of trees 318
INFO:root:run 9 step 84
INFO:root:num of trees 318
INFO:root:run 9 step 85
INFO:root:num of trees 318
INFO:root:run 9 step 86
INFO:root:num of trees 318
INFO:root:run 9 step 87
INFO:root:num of trees 318
INFO:root:run 9 step 88
INFO:root:num of trees 318
INFO:root:run 9 step 89
INFO:root:num of trees 318
INFO:root:run 9 step 90
INFO:root:num of trees 318
INFO:root:run 9 step 91
INFO:root:num of trees 318
INFO:root:run 9 step 92
INFO:root:num of trees 318
INFO:root:run 9 step 93
INFO:root:num of trees 318
INFO:root:run 9 step 94
INFO:root:num of trees 318
INFO:root:run 9 step 95
INFO:root:num of trees 318
INFO:root:run 9 step 96
INFO:root:num of trees 318
INFO:root:run 9 step 97
INFO:root:num of trees 318
INFO:root:run 9 step 98
INFO:root:num of trees 318
INFO:root:run 9 step 99
INFO:root:num of trees 318
INFO:root:finish 01:17:34.053989
