INFO:root:/home6/dthomas/FAsims/FA_ABM/sweeps/results/initwood/ws10
INFO:root:usersets Namespace(decompdisp=None, endodisp=None, endoloss=None, endophytism=None, fileout='/home6/dthomas/FAsims/FA_ABM/sweeps/results/initwood/ws10', kappa=None, leafdisp=None, leaffall=None, mu=None, newwood=None, numdecomp=None, numendo=0.0, sigma=None, sims=10, steps=50, width=None, woodfreq=None, ws=10)
INFO:root:start 18:30:08.283899
INFO:root:run 0 step 0
INFO:root:num of fungi 1
INFO:root:run 0 step 1
INFO:root:num of fungi 1
INFO:root:run 0 step 2
INFO:root:num of fungi 1
INFO:root:run 0 step 3
INFO:root:num of fungi 1
INFO:root:run 0 step 4
INFO:root:num of fungi 1
INFO:root:run 0 step 5
INFO:root:num of fungi 1
INFO:root:run 0 step 6
INFO:root:num of fungi 1
INFO:root:run 0 step 7
INFO:root:num of fungi 4
INFO:root:run 0 step 8
INFO:root:num of fungi 4
INFO:root:run 0 step 9
INFO:root:num of fungi 4
INFO:root:run 0 step 10
INFO:root:num of fungi 4
INFO:root:run 0 step 11
INFO:root:num of fungi 7
INFO:root:run 0 step 12
INFO:root:num of fungi 7
INFO:root:run 0 step 13
INFO:root:num of fungi 6
INFO:root:run 0 step 14
INFO:root:num of fungi 6
INFO:root:run 0 step 15
INFO:root:num of fungi 10
INFO:root:run 0 step 16
INFO:root:num of fungi 10
INFO:root:run 0 step 17
INFO:root:num of fungi 9
INFO:root:run 0 step 18
INFO:root:num of fungi 9
INFO:root:run 0 step 19
INFO:root:num of fungi 20
INFO:root:run 0 step 20
INFO:root:num of fungi 20
INFO:root:run 0 step 21
INFO:root:num of fungi 19
INFO:root:run 0 step 22
INFO:root:num of fungi 19
INFO:root:run 0 step 23
INFO:root:num of fungi 29
INFO:root:run 0 step 24
INFO:root:num of fungi 29
INFO:root:run 0 step 25
INFO:root:num of fungi 22
INFO:root:run 0 step 26
INFO:root:num of fungi 19
INFO:root:run 0 step 27
INFO:root:num of fungi 50
INFO:root:run 0 step 28
INFO:root:num of fungi 50
INFO:root:run 0 step 29
INFO:root:num of fungi 48
INFO:root:run 0 step 30
INFO:root:num of fungi 48
INFO:root:run 0 step 31
INFO:root:num of fungi 78
INFO:root:run 0 step 32
INFO:root:num of fungi 80
INFO:root:run 0 step 33
INFO:root:num of fungi 62
INFO:root:run 0 step 34
INFO:root:num of fungi 61
INFO:root:run 0 step 35
INFO:root:num of fungi 71
INFO:root:run 0 step 36
INFO:root:num of fungi 69
INFO:root:run 0 step 37
INFO:root:num of fungi 50
INFO:root:run 0 step 38
INFO:root:num of fungi 47
INFO:root:run 0 step 39
INFO:root:num of fungi 65
INFO:root:run 0 step 40
INFO:root:num of fungi 69
INFO:root:run 0 step 41
INFO:root:num of fungi 54
INFO:root:run 0 step 42
INFO:root:num of fungi 49
INFO:root:run 0 step 43
INFO:root:num of fungi 54
INFO:root:run 0 step 44
INFO:root:num of fungi 61
INFO:root:run 0 step 45
INFO:root:num of fungi 49
INFO:root:run 0 step 46
INFO:root:num of fungi 45
INFO:root:run 0 step 47
INFO:root:num of fungi 41
INFO:root:run 0 step 48
INFO:root:num of fungi 36
INFO:root:run 0 step 49
INFO:root:num of fungi 24
INFO:root:run 1 step 0
INFO:root:num of fungi 1
INFO:root:run 1 step 1
INFO:root:num of fungi 3
INFO:root:run 1 step 2
INFO:root:num of fungi 3
INFO:root:run 1 step 3
INFO:root:num of fungi 4
INFO:root:run 1 step 4
INFO:root:num of fungi 4
INFO:root:run 1 step 5
INFO:root:num of fungi 3
INFO:root:run 1 step 6
INFO:root:num of fungi 3
INFO:root:run 1 step 7
INFO:root:num of fungi 7
INFO:root:run 1 step 8
INFO:root:num of fungi 7
INFO:root:run 1 step 9
INFO:root:num of fungi 7
INFO:root:run 1 step 10
INFO:root:num of fungi 7
INFO:root:run 1 step 11
INFO:root:num of fungi 11
INFO:root:run 1 step 12
INFO:root:num of fungi 11
INFO:root:run 1 step 13
INFO:root:num of fungi 11
INFO:root:run 1 step 14
INFO:root:num of fungi 11
INFO:root:run 1 step 15
INFO:root:num of fungi 12
INFO:root:run 1 step 16
INFO:root:num of fungi 12
INFO:root:run 1 step 17
INFO:root:num of fungi 9
INFO:root:run 1 step 18
INFO:root:num of fungi 9
INFO:root:run 1 step 19
INFO:root:num of fungi 15
INFO:root:run 1 step 20
INFO:root:num of fungi 15
INFO:root:run 1 step 21
INFO:root:num of fungi 15
INFO:root:run 1 step 22
INFO:root:num of fungi 15
INFO:root:run 1 step 23
INFO:root:num of fungi 45
INFO:root:run 1 step 24
INFO:root:num of fungi 45
INFO:root:run 1 step 25
INFO:root:num of fungi 41
INFO:root:run 1 step 26
INFO:root:num of fungi 41
INFO:root:run 1 step 27
INFO:root:num of fungi 38
INFO:root:run 1 step 28
INFO:root:num of fungi 38
INFO:root:run 1 step 29
INFO:root:num of fungi 31
INFO:root:run 1 step 30
INFO:root:num of fungi 29
INFO:root:run 1 step 31
INFO:root:num of fungi 42
INFO:root:run 1 step 32
INFO:root:num of fungi 42
INFO:root:run 1 step 33
INFO:root:num of fungi 35
INFO:root:run 1 step 34
INFO:root:num of fungi 35
INFO:root:run 1 step 35
INFO:root:num of fungi 44
INFO:root:run 1 step 36
INFO:root:num of fungi 54
INFO:root:run 1 step 37
INFO:root:num of fungi 49
INFO:root:run 1 step 38
INFO:root:num of fungi 47
INFO:root:run 1 step 39
INFO:root:num of fungi 74
INFO:root:run 1 step 40
INFO:root:num of fungi 82
INFO:root:run 1 step 41
INFO:root:num of fungi 78
INFO:root:run 1 step 42
INFO:root:num of fungi 70
INFO:root:run 1 step 43
INFO:root:num of fungi 62
INFO:root:run 1 step 44
INFO:root:num of fungi 63
INFO:root:run 1 step 45
INFO:root:num of fungi 50
INFO:root:run 1 step 46
INFO:root:num of fungi 38
INFO:root:run 1 step 47
INFO:root:num of fungi 27
INFO:root:run 1 step 48
INFO:root:num of fungi 28
INFO:root:run 1 step 49
INFO:root:num of fungi 32
INFO:root:run 2 step 0
INFO:root:num of fungi 1
INFO:root:run 2 step 1
INFO:root:num of fungi 2
INFO:root:run 2 step 2
INFO:root:num of fungi 2
INFO:root:run 2 step 3
INFO:root:num of fungi 2
INFO:root:run 2 step 4
INFO:root:num of fungi 2
INFO:root:run 2 step 5
INFO:root:num of fungi 1
INFO:root:run 2 step 6
INFO:root:num of fungi 1
INFO:root:run 2 step 7
INFO:root:num of fungi 2
INFO:root:run 2 step 8
INFO:root:num of fungi 2
INFO:root:run 2 step 9
INFO:root:num of fungi 2
INFO:root:run 2 step 10
INFO:root:num of fungi 2
INFO:root:run 2 step 11
INFO:root:num of fungi 6
INFO:root:run 2 step 12
INFO:root:num of fungi 6
INFO:root:run 2 step 13
INFO:root:num of fungi 5
INFO:root:run 2 step 14
INFO:root:num of fungi 5
INFO:root:run 2 step 15
INFO:root:num of fungi 18
INFO:root:run 2 step 16
INFO:root:num of fungi 18
INFO:root:run 2 step 17
INFO:root:num of fungi 16
INFO:root:run 2 step 18
INFO:root:num of fungi 16
INFO:root:run 2 step 19
INFO:root:num of fungi 28
INFO:root:run 2 step 20
INFO:root:num of fungi 28
INFO:root:run 2 step 21
INFO:root:num of fungi 25
INFO:root:run 2 step 22
INFO:root:num of fungi 24
INFO:root:run 2 step 23
INFO:root:num of fungi 43
INFO:root:run 2 step 24
INFO:root:num of fungi 44
INFO:root:run 2 step 25
INFO:root:num of fungi 39
INFO:root:run 2 step 26
INFO:root:num of fungi 38
INFO:root:run 2 step 27
INFO:root:num of fungi 49
INFO:root:run 2 step 28
INFO:root:num of fungi 51
INFO:root:run 2 step 29
INFO:root:num of fungi 35
INFO:root:run 2 step 30
INFO:root:num of fungi 33
INFO:root:run 2 step 31
INFO:root:num of fungi 49
INFO:root:run 2 step 32
INFO:root:num of fungi 52
INFO:root:run 2 step 33
INFO:root:num of fungi 44
INFO:root:run 2 step 34
INFO:root:num of fungi 42
INFO:root:run 2 step 35
INFO:root:num of fungi 51
INFO:root:run 2 step 36
INFO:root:num of fungi 54
INFO:root:run 2 step 37
INFO:root:num of fungi 41
INFO:root:run 2 step 38
INFO:root:num of fungi 38
INFO:root:run 2 step 39
INFO:root:num of fungi 44
INFO:root:run 2 step 40
INFO:root:num of fungi 42
INFO:root:run 2 step 41
INFO:root:num of fungi 33
INFO:root:run 2 step 42
INFO:root:num of fungi 31
INFO:root:run 2 step 43
INFO:root:num of fungi 28
INFO:root:run 2 step 44
INFO:root:num of fungi 26
INFO:root:run 2 step 45
INFO:root:num of fungi 20
INFO:root:run 2 step 46
INFO:root:num of fungi 20
INFO:root:run 2 step 47
INFO:root:num of fungi 16
INFO:root:run 2 step 48
INFO:root:num of fungi 15
INFO:root:run 2 step 49
INFO:root:num of fungi 12
INFO:root:run 3 step 0
INFO:root:num of fungi 1
INFO:root:run 3 step 1
INFO:root:num of fungi 1
INFO:root:run 3 step 2
INFO:root:num of fungi 1
INFO:root:run 3 step 3
INFO:root:num of fungi 1
INFO:root:run 3 step 4
INFO:root:num of fungi 1
INFO:root:run 3 step 5
INFO:root:num of fungi 1
INFO:root:run 3 step 6
INFO:root:num of fungi 1
INFO:root:run 3 step 7
INFO:root:num of fungi 2
INFO:root:run 3 step 8
INFO:root:num of fungi 2
INFO:root:run 3 step 9
INFO:root:num of fungi 2
INFO:root:run 3 step 10
INFO:root:num of fungi 2
INFO:root:run 3 step 11
INFO:root:num of fungi 3
INFO:root:run 3 step 12
INFO:root:num of fungi 3
INFO:root:run 3 step 13
INFO:root:num of fungi 3
INFO:root:run 3 step 14
INFO:root:num of fungi 3
INFO:root:run 3 step 15
INFO:root:num of fungi 6
INFO:root:run 3 step 16
INFO:root:num of fungi 6
INFO:root:run 3 step 17
INFO:root:num of fungi 4
INFO:root:run 3 step 18
INFO:root:num of fungi 4
INFO:root:run 3 step 19
INFO:root:num of fungi 15
INFO:root:run 3 step 20
INFO:root:num of fungi 15
INFO:root:run 3 step 21
INFO:root:num of fungi 14
INFO:root:run 3 step 22
INFO:root:num of fungi 14
INFO:root:run 3 step 23
INFO:root:num of fungi 38
INFO:root:run 3 step 24
INFO:root:num of fungi 38
INFO:root:run 3 step 25
INFO:root:num of fungi 34
INFO:root:run 3 step 26
INFO:root:num of fungi 34
INFO:root:run 3 step 27
INFO:root:num of fungi 67
INFO:root:run 3 step 28
INFO:root:num of fungi 71
INFO:root:run 3 step 29
INFO:root:num of fungi 57
INFO:root:run 3 step 30
INFO:root:num of fungi 56
INFO:root:run 3 step 31
INFO:root:num of fungi 83
INFO:root:run 3 step 32
INFO:root:num of fungi 85
INFO:root:run 3 step 33
INFO:root:num of fungi 68
INFO:root:run 3 step 34
INFO:root:num of fungi 66
INFO:root:run 3 step 35
INFO:root:num of fungi 87
INFO:root:run 3 step 36
INFO:root:num of fungi 88
INFO:root:run 3 step 37
INFO:root:num of fungi 75
INFO:root:run 3 step 38
INFO:root:num of fungi 68
INFO:root:run 3 step 39
INFO:root:num of fungi 64
INFO:root:run 3 step 40
INFO:root:num of fungi 61
INFO:root:run 3 step 41
INFO:root:num of fungi 45
INFO:root:run 3 step 42
INFO:root:num of fungi 37
INFO:root:run 3 step 43
INFO:root:num of fungi 26
INFO:root:run 3 step 44
INFO:root:num of fungi 24
INFO:root:run 3 step 45
INFO:root:num of fungi 14
INFO:root:run 3 step 46
INFO:root:num of fungi 11
INFO:root:run 3 step 47
INFO:root:num of fungi 13
INFO:root:run 3 step 48
INFO:root:num of fungi 13
INFO:root:run 3 step 49
INFO:root:num of fungi 11
INFO:root:run 4 step 0
INFO:root:num of fungi 2
INFO:root:run 4 step 1
INFO:root:num of fungi 3
INFO:root:run 4 step 2
INFO:root:num of fungi 3
INFO:root:run 4 step 3
INFO:root:num of fungi 3
INFO:root:run 4 step 4
INFO:root:num of fungi 4
INFO:root:run 4 step 5
INFO:root:num of fungi 3
INFO:root:run 4 step 6
INFO:root:num of fungi 3
INFO:root:run 4 step 7
INFO:root:num of fungi 2
INFO:root:run 4 step 8
INFO:root:num of fungi 3
INFO:root:run 4 step 9
INFO:root:num of fungi 3
INFO:root:run 4 step 10
INFO:root:num of fungi 3
INFO:root:run 4 step 11
INFO:root:num of fungi 3
INFO:root:run 4 step 12
INFO:root:num of fungi 6
INFO:root:run 4 step 13
INFO:root:num of fungi 6
INFO:root:run 4 step 14
INFO:root:num of fungi 6
INFO:root:run 4 step 15
INFO:root:num of fungi 6
INFO:root:run 4 step 16
INFO:root:num of fungi 10
INFO:root:run 4 step 17
INFO:root:num of fungi 10
INFO:root:run 4 step 18
INFO:root:num of fungi 9
INFO:root:run 4 step 19
INFO:root:num of fungi 9
INFO:root:run 4 step 20
INFO:root:num of fungi 19
INFO:root:run 4 step 21
INFO:root:num of fungi 19
INFO:root:run 4 step 22
INFO:root:num of fungi 16
INFO:root:run 4 step 23
INFO:root:num of fungi 16
INFO:root:run 4 step 24
INFO:root:num of fungi 33
INFO:root:run 4 step 25
INFO:root:num of fungi 35
INFO:root:run 4 step 26
INFO:root:num of fungi 29
INFO:root:run 4 step 27
INFO:root:num of fungi 29
INFO:root:run 4 step 28
INFO:root:num of fungi 53
INFO:root:run 4 step 29
INFO:root:num of fungi 59
INFO:root:run 4 step 30
INFO:root:num of fungi 45
INFO:root:run 4 step 31
INFO:root:num of fungi 45
INFO:root:run 4 step 32
INFO:root:num of fungi 117
INFO:root:run 4 step 33
INFO:root:num of fungi 136
INFO:root:run 4 step 34
INFO:root:num of fungi 119
INFO:root:run 4 step 35
INFO:root:num of fungi 113
INFO:root:run 4 step 36
INFO:root:num of fungi 117
INFO:root:run 4 step 37
INFO:root:num of fungi 105
INFO:root:run 4 step 38
INFO:root:num of fungi 82
INFO:root:run 4 step 39
INFO:root:num of fungi 66
INFO:root:run 4 step 40
INFO:root:num of fungi 54
INFO:root:run 4 step 41
INFO:root:num of fungi 48
INFO:root:run 4 step 42
INFO:root:num of fungi 29
INFO:root:run 4 step 43
INFO:root:num of fungi 21
INFO:root:run 4 step 44
INFO:root:num of fungi 16
INFO:root:run 4 step 45
INFO:root:num of fungi 13
INFO:root:run 4 step 46
INFO:root:num of fungi 7
INFO:root:run 4 step 47
INFO:root:num of fungi 4
INFO:root:run 4 step 48
INFO:root:num of fungi 10
INFO:root:run 4 step 49
INFO:root:num of fungi 10
INFO:root:run 5 step 0
INFO:root:num of fungi 3
INFO:root:run 5 step 1
INFO:root:num of fungi 4
INFO:root:run 5 step 2
INFO:root:num of fungi 4
INFO:root:run 5 step 3
INFO:root:num of fungi 7
INFO:root:run 5 step 4
INFO:root:num of fungi 10
INFO:root:run 5 step 5
INFO:root:num of fungi 12
INFO:root:run 5 step 6
INFO:root:num of fungi 10
INFO:root:run 5 step 7
INFO:root:num of fungi 12
INFO:root:run 5 step 8
INFO:root:num of fungi 14
INFO:root:run 5 step 9
INFO:root:num of fungi 17
INFO:root:run 5 step 10
INFO:root:num of fungi 17
INFO:root:run 5 step 11
INFO:root:num of fungi 17
INFO:root:run 5 step 12
INFO:root:num of fungi 20
INFO:root:run 5 step 13
INFO:root:num of fungi 32
INFO:root:run 5 step 14
INFO:root:num of fungi 27
INFO:root:run 5 step 15
INFO:root:num of fungi 23
INFO:root:run 5 step 16
INFO:root:num of fungi 24
INFO:root:run 5 step 17
INFO:root:num of fungi 37
INFO:root:run 5 step 18
INFO:root:num of fungi 36
INFO:root:run 5 step 19
INFO:root:num of fungi 35
INFO:root:run 5 step 20
INFO:root:num of fungi 34
INFO:root:run 5 step 21
INFO:root:num of fungi 52
INFO:root:run 5 step 22
INFO:root:num of fungi 51
INFO:root:run 5 step 23
INFO:root:num of fungi 39
INFO:root:run 5 step 24
INFO:root:num of fungi 39
INFO:root:run 5 step 25
INFO:root:num of fungi 46
INFO:root:run 5 step 26
INFO:root:num of fungi 46
INFO:root:run 5 step 27
INFO:root:num of fungi 38
INFO:root:run 5 step 28
INFO:root:num of fungi 36
INFO:root:run 5 step 29
INFO:root:num of fungi 37
INFO:root:run 5 step 30
INFO:root:num of fungi 32
INFO:root:run 5 step 31
INFO:root:num of fungi 20
INFO:root:run 5 step 32
INFO:root:num of fungi 20
INFO:root:run 5 step 33
INFO:root:num of fungi 21
INFO:root:run 5 step 34
INFO:root:num of fungi 22
INFO:root:run 5 step 35
INFO:root:num of fungi 14
INFO:root:run 5 step 36
INFO:root:num of fungi 13
INFO:root:run 5 step 37
INFO:root:num of fungi 8
INFO:root:run 5 step 38
INFO:root:num of fungi 7
INFO:root:run 5 step 39
INFO:root:num of fungi 6
INFO:root:run 5 step 40
INFO:root:num of fungi 6
INFO:root:run 5 step 41
INFO:root:num of fungi 18
INFO:root:run 5 step 42
INFO:root:num of fungi 18
INFO:root:run 5 step 43
INFO:root:num of fungi 18
INFO:root:run 5 step 44
INFO:root:num of fungi 18
INFO:root:run 5 step 45
INFO:root:num of fungi 34
INFO:root:run 5 step 46
INFO:root:num of fungi 34
INFO:root:run 5 step 47
INFO:root:num of fungi 31
INFO:root:run 5 step 48
INFO:root:num of fungi 30
INFO:root:run 5 step 49
INFO:root:num of fungi 40
INFO:root:run 6 step 0
INFO:root:num of fungi 1
INFO:root:run 6 step 1
INFO:root:num of fungi 1
INFO:root:run 6 step 2
INFO:root:num of fungi 1
INFO:root:run 6 step 3
INFO:root:num of fungi 1
INFO:root:run 6 step 4
INFO:root:num of fungi 1
INFO:root:run 6 step 5
INFO:root:num of fungi 1
INFO:root:run 6 step 6
INFO:root:num of fungi 1
INFO:root:run 6 step 7
INFO:root:num of fungi 3
INFO:root:run 6 step 8
INFO:root:num of fungi 3
INFO:root:run 6 step 9
INFO:root:num of fungi 2
INFO:root:run 6 step 10
INFO:root:num of fungi 2
INFO:root:run 6 step 11
INFO:root:num of fungi 9
INFO:root:run 6 step 12
INFO:root:num of fungi 9
INFO:root:run 6 step 13
INFO:root:num of fungi 9
INFO:root:run 6 step 14
INFO:root:num of fungi 9
INFO:root:run 6 step 15
INFO:root:num of fungi 25
INFO:root:run 6 step 16
INFO:root:num of fungi 25
INFO:root:run 6 step 17
INFO:root:num of fungi 23
INFO:root:run 6 step 18
INFO:root:num of fungi 23
INFO:root:run 6 step 19
INFO:root:num of fungi 38
INFO:root:run 6 step 20
INFO:root:num of fungi 38
INFO:root:run 6 step 21
INFO:root:num of fungi 31
INFO:root:run 6 step 22
INFO:root:num of fungi 31
INFO:root:run 6 step 23
INFO:root:num of fungi 43
INFO:root:run 6 step 24
INFO:root:num of fungi 44
INFO:root:run 6 step 25
INFO:root:num of fungi 36
INFO:root:run 6 step 26
INFO:root:num of fungi 36
INFO:root:run 6 step 27
INFO:root:num of fungi 51
INFO:root:run 6 step 28
INFO:root:num of fungi 51
INFO:root:run 6 step 29
INFO:root:num of fungi 40
INFO:root:run 6 step 30
INFO:root:num of fungi 40
INFO:root:run 6 step 31
INFO:root:num of fungi 50
INFO:root:run 6 step 32
INFO:root:num of fungi 53
INFO:root:run 6 step 33
INFO:root:num of fungi 40
INFO:root:run 6 step 34
INFO:root:num of fungi 39
INFO:root:run 6 step 35
INFO:root:num of fungi 40
INFO:root:run 6 step 36
INFO:root:num of fungi 38
INFO:root:run 6 step 37
INFO:root:num of fungi 30
INFO:root:run 6 step 38
INFO:root:num of fungi 29
INFO:root:run 6 step 39
INFO:root:num of fungi 16
INFO:root:run 6 step 40
INFO:root:num of fungi 14
INFO:root:run 6 step 41
INFO:root:num of fungi 8
INFO:root:run 6 step 42
INFO:root:num of fungi 6
INFO:root:run 6 step 43
INFO:root:num of fungi 15
INFO:root:run 6 step 44
INFO:root:num of fungi 15
INFO:root:run 6 step 45
INFO:root:num of fungi 12
INFO:root:run 6 step 46
INFO:root:num of fungi 12
INFO:root:run 6 step 47
INFO:root:num of fungi 27
INFO:root:run 6 step 48
INFO:root:num of fungi 27
INFO:root:run 6 step 49
INFO:root:num of fungi 23
INFO:root:run 7 step 0
INFO:root:num of fungi 1
INFO:root:run 7 step 1
INFO:root:num of fungi 1
INFO:root:run 7 step 2
INFO:root:num of fungi 1
INFO:root:run 7 step 3
INFO:root:num of fungi 1
INFO:root:run 7 step 4
INFO:root:num of fungi 1
INFO:root:run 7 step 5
INFO:root:num of fungi 1
INFO:root:run 7 step 6
INFO:root:num of fungi 1
INFO:root:run 7 step 7
INFO:root:num of fungi 1
INFO:root:run 7 step 8
INFO:root:num of fungi 1
INFO:root:run 7 step 9
INFO:root:num of fungi 1
INFO:root:run 7 step 10
INFO:root:num of fungi 1
INFO:root:run 7 step 11
INFO:root:num of fungi 0
INFO:root:run 7 step 12
INFO:root:num of fungi 0
INFO:root:run 7 step 13
INFO:root:num of fungi 0
INFO:root:run 7 step 14
INFO:root:num of fungi 0
INFO:root:run 7 step 15
INFO:root:num of fungi 0
INFO:root:run 7 step 16
INFO:root:num of fungi 0
INFO:root:run 7 step 17
INFO:root:num of fungi 0
INFO:root:run 7 step 18
INFO:root:num of fungi 0
INFO:root:run 7 step 19
INFO:root:num of fungi 0
INFO:root:run 7 step 20
INFO:root:num of fungi 0
INFO:root:run 7 step 21
INFO:root:num of fungi 0
INFO:root:run 7 step 22
INFO:root:num of fungi 0
INFO:root:run 7 step 23
INFO:root:num of fungi 0
INFO:root:run 7 step 24
INFO:root:num of fungi 0
INFO:root:run 7 step 25
INFO:root:num of fungi 0
INFO:root:run 7 step 26
INFO:root:num of fungi 0
INFO:root:run 7 step 27
INFO:root:num of fungi 0
INFO:root:run 7 step 28
INFO:root:num of fungi 0
INFO:root:run 7 step 29
INFO:root:num of fungi 0
INFO:root:run 7 step 30
INFO:root:num of fungi 0
INFO:root:run 7 step 31
INFO:root:num of fungi 0
INFO:root:run 7 step 32
INFO:root:num of fungi 0
INFO:root:run 7 step 33
INFO:root:num of fungi 0
INFO:root:run 7 step 34
INFO:root:num of fungi 0
INFO:root:run 7 step 35
INFO:root:num of fungi 0
INFO:root:run 7 step 36
INFO:root:num of fungi 0
INFO:root:run 7 step 37
INFO:root:num of fungi 0
INFO:root:run 7 step 38
INFO:root:num of fungi 0
INFO:root:run 7 step 39
INFO:root:num of fungi 0
INFO:root:run 7 step 40
INFO:root:num of fungi 0
INFO:root:run 7 step 41
INFO:root:num of fungi 0
INFO:root:run 7 step 42
INFO:root:num of fungi 0
INFO:root:run 7 step 43
INFO:root:num of fungi 0
INFO:root:run 7 step 44
INFO:root:num of fungi 0
INFO:root:run 7 step 45
INFO:root:num of fungi 0
INFO:root:run 7 step 46
INFO:root:num of fungi 0
INFO:root:run 7 step 47
INFO:root:num of fungi 0
INFO:root:run 7 step 48
INFO:root:num of fungi 0
INFO:root:run 7 step 49
INFO:root:num of fungi 0
INFO:root:run 8 step 0
INFO:root:num of fungi 1
INFO:root:run 8 step 1
INFO:root:num of fungi 1
INFO:root:run 8 step 2
INFO:root:num of fungi 1
INFO:root:run 8 step 3
INFO:root:num of fungi 4
INFO:root:run 8 step 4
INFO:root:num of fungi 4
INFO:root:run 8 step 5
INFO:root:num of fungi 4
INFO:root:run 8 step 6
INFO:root:num of fungi 4
INFO:root:run 8 step 7
INFO:root:num of fungi 6
INFO:root:run 8 step 8
INFO:root:num of fungi 6
INFO:root:run 8 step 9
INFO:root:num of fungi 6
INFO:root:run 8 step 10
INFO:root:num of fungi 6
INFO:root:run 8 step 11
INFO:root:num of fungi 12
INFO:root:run 8 step 12
INFO:root:num of fungi 12
INFO:root:run 8 step 13
INFO:root:num of fungi 11
INFO:root:run 8 step 14
INFO:root:num of fungi 11
INFO:root:run 8 step 15
INFO:root:num of fungi 11
INFO:root:run 8 step 16
INFO:root:num of fungi 11
INFO:root:run 8 step 17
INFO:root:num of fungi 6
INFO:root:run 8 step 18
INFO:root:num of fungi 6
INFO:root:run 8 step 19
INFO:root:num of fungi 20
INFO:root:run 8 step 20
INFO:root:num of fungi 20
INFO:root:run 8 step 21
INFO:root:num of fungi 19
INFO:root:run 8 step 22
INFO:root:num of fungi 19
INFO:root:run 8 step 23
INFO:root:num of fungi 36
INFO:root:run 8 step 24
INFO:root:num of fungi 35
INFO:root:run 8 step 25
INFO:root:num of fungi 27
INFO:root:run 8 step 26
INFO:root:num of fungi 27
INFO:root:run 8 step 27
INFO:root:num of fungi 71
INFO:root:run 8 step 28
INFO:root:num of fungi 71
INFO:root:run 8 step 29
INFO:root:num of fungi 60
INFO:root:run 8 step 30
INFO:root:num of fungi 60
INFO:root:run 8 step 31
INFO:root:num of fungi 74
INFO:root:run 8 step 32
INFO:root:num of fungi 75
INFO:root:run 8 step 33
INFO:root:num of fungi 46
INFO:root:run 8 step 34
INFO:root:num of fungi 42
INFO:root:run 8 step 35
INFO:root:num of fungi 46
INFO:root:run 8 step 36
INFO:root:num of fungi 44
INFO:root:run 8 step 37
INFO:root:num of fungi 34
INFO:root:run 8 step 38
INFO:root:num of fungi 32
INFO:root:run 8 step 39
INFO:root:num of fungi 38
INFO:root:run 8 step 40
INFO:root:num of fungi 40
INFO:root:run 8 step 41
INFO:root:num of fungi 34
INFO:root:run 8 step 42
INFO:root:num of fungi 33
INFO:root:run 8 step 43
INFO:root:num of fungi 51
INFO:root:run 8 step 44
INFO:root:num of fungi 52
INFO:root:run 8 step 45
INFO:root:num of fungi 37
INFO:root:run 8 step 46
INFO:root:num of fungi 36
INFO:root:run 8 step 47
INFO:root:num of fungi 32
INFO:root:run 8 step 48
INFO:root:num of fungi 33
INFO:root:run 8 step 49
INFO:root:num of fungi 27
INFO:root:run 9 step 0
INFO:root:num of fungi 1
INFO:root:run 9 step 1
INFO:root:num of fungi 1
INFO:root:run 9 step 2
INFO:root:num of fungi 1
INFO:root:run 9 step 3
INFO:root:num of fungi 1
INFO:root:run 9 step 4
INFO:root:num of fungi 1
INFO:root:run 9 step 5
INFO:root:num of fungi 0
INFO:root:run 9 step 6
INFO:root:num of fungi 0
INFO:root:run 9 step 7
INFO:root:num of fungi 0
INFO:root:run 9 step 8
INFO:root:num of fungi 0
INFO:root:run 9 step 9
INFO:root:num of fungi 0
INFO:root:run 9 step 10
INFO:root:num of fungi 0
INFO:root:run 9 step 11
INFO:root:num of fungi 0
INFO:root:run 9 step 12
INFO:root:num of fungi 0
INFO:root:run 9 step 13
INFO:root:num of fungi 0
INFO:root:run 9 step 14
INFO:root:num of fungi 0
INFO:root:run 9 step 15
INFO:root:num of fungi 0
INFO:root:run 9 step 16
INFO:root:num of fungi 0
INFO:root:run 9 step 17
INFO:root:num of fungi 0
INFO:root:run 9 step 18
INFO:root:num of fungi 0
INFO:root:run 9 step 19
INFO:root:num of fungi 0
INFO:root:run 9 step 20
INFO:root:num of fungi 0
INFO:root:run 9 step 21
INFO:root:num of fungi 0
INFO:root:run 9 step 22
INFO:root:num of fungi 0
INFO:root:run 9 step 23
INFO:root:num of fungi 0
INFO:root:run 9 step 24
INFO:root:num of fungi 0
INFO:root:run 9 step 25
INFO:root:num of fungi 0
INFO:root:run 9 step 26
INFO:root:num of fungi 0
INFO:root:run 9 step 27
INFO:root:num of fungi 0
INFO:root:run 9 step 28
INFO:root:num of fungi 0
INFO:root:run 9 step 29
INFO:root:num of fungi 0
INFO:root:run 9 step 30
INFO:root:num of fungi 0
INFO:root:run 9 step 31
INFO:root:num of fungi 0
INFO:root:run 9 step 32
INFO:root:num of fungi 0
INFO:root:run 9 step 33
INFO:root:num of fungi 0
INFO:root:run 9 step 34
INFO:root:num of fungi 0
INFO:root:run 9 step 35
INFO:root:num of fungi 0
INFO:root:run 9 step 36
INFO:root:num of fungi 0
INFO:root:run 9 step 37
INFO:root:num of fungi 0
INFO:root:run 9 step 38
INFO:root:num of fungi 0
INFO:root:run 9 step 39
INFO:root:num of fungi 0
INFO:root:run 9 step 40
INFO:root:num of fungi 0
INFO:root:run 9 step 41
INFO:root:num of fungi 0
INFO:root:run 9 step 42
INFO:root:num of fungi 0
INFO:root:run 9 step 43
INFO:root:num of fungi 0
INFO:root:run 9 step 44
INFO:root:num of fungi 0
INFO:root:run 9 step 45
INFO:root:num of fungi 0
INFO:root:run 9 step 46
INFO:root:num of fungi 0
INFO:root:run 9 step 47
INFO:root:num of fungi 0
INFO:root:run 9 step 48
INFO:root:num of fungi 0
INFO:root:run 9 step 49
INFO:root:num of fungi 0
INFO:root:finish 18:32:29.440175
